<?xml version="1.0" encoding="UTF-8"?>
<testsuite xmlns:xsi="http://www.w3.org/2001/XMLSchema-instance" xsi:noNamespaceSchemaLocation="https://maven.apache.org/surefire/maven-surefire-plugin/xsd/surefire-test-report-3.0.xsd" version="3.0" name="com.calculator.calculatorapi.controllers.CalculatorControllerTests" time="1.683" tests="6" errors="0" skipped="0" failures="0">
  <properties>
[...]
</properties>
  <testcase name="testMultiplication" classname="com.calculator.calculatorapi.controllers.CalculatorControllerTests" time="0.575">
    <system-out><![CDATA[16:08:33.224 [main] INFO org.springframework.test.context.support.AnnotationConfigContextLoaderUtils -- Could not detect default configuration classes for test class [com.calculator.calculatorapi.controllers.CalculatorControllerTests]: CalculatorControllerTests does not declare any static, non-private, non-final, nested classes annotated with @Configuration.
16:08:33.306 [main] INFO org.springframework.boot.test.context.SpringBootTestContextBootstrapper -- Found @SpringBootConfiguration com.calculator.calculatorapi.CalculatorApplication for test class com.calculator.calculatorapi.controllers.CalculatorControllerTests

  .   ____          _            __ _ _
 /\\ / ___'_ __ _ _(_)_ __  __ _ \ \ \ \
( ( )\___ | '_ | '_| | '_ \/ _` | \ \ \ \
 \\/  ___)| |_)| | | | | || (_| |  ) ) ) )
  '  |____| .__|_| |_|_| |_\__, | / / / /
 =========|_|==============|___/=/_/_/_/

 :: Spring Boot ::                (v3.3.3)

2024-09-03T16:08:33.534+01:00  INFO 79119 --- [Calculator API] [           main] c.c.c.c.CalculatorControllerTests        : Starting CalculatorControllerTests using Java 22.0.2 with PID 79119 (started by petor in /Users/petor/Library/CloudStorage/OneDrive-Personal/Documents/SImpleCalculator/calculator-api)
2024-09-03T16:08:33.535+01:00  INFO 79119 --- [Calculator API] [           main] c.c.c.c.CalculatorControllerTests        : No active profile set, falling back to 1 default profile: "default"
2024-09-03T16:08:33.969+01:00  INFO 79119 --- [Calculator API] [           main] o.s.b.w.embedded.tomcat.TomcatWebServer  : Tomcat initialized with port 0 (http)
2024-09-03T16:08:33.979+01:00  INFO 79119 --- [Calculator API] [           main] o.apache.catalina.core.StandardService   : Starting service [Tomcat]
2024-09-03T16:08:33.980+01:00  INFO 79119 --- [Calculator API] [           main] o.apache.catalina.core.StandardEngine    : Starting Servlet engine: [Apache Tomcat/10.1.28]
2024-09-03T16:08:34.002+01:00  INFO 79119 --- [Calculator API] [           main] o.a.c.c.C.[Tomcat].[localhost].[/]       : Initializing Spring embedded WebApplicationContext
2024-09-03T16:08:34.003+01:00  INFO 79119 --- [Calculator API] [           main] w.s.c.ServletWebServerApplicationContext : Root WebApplicationContext: initialization completed in 457 ms
2024-09-03T16:08:34.187+01:00  INFO 79119 --- [Calculator API] [           main] o.s.b.w.embedded.tomcat.TomcatWebServer  : Tomcat started on port 52532 (http) with context path '/'
2024-09-03T16:08:34.192+01:00  INFO 79119 --- [Calculator API] [           main] c.c.c.c.CalculatorControllerTests        : Started CalculatorControllerTests in 0.822 seconds (process running for 1.358)
2024-09-03T16:08:34.723+01:00  INFO 79119 --- [Calculator API] [o-auto-1-exec-1] o.a.c.c.C.[Tomcat].[localhost].[/]       : Initializing Spring DispatcherServlet 'dispatcherServlet'
2024-09-03T16:08:34.723+01:00  INFO 79119 --- [Calculator API] [o-auto-1-exec-1] o.s.web.servlet.DispatcherServlet        : Initializing Servlet 'dispatcherServlet'
2024-09-03T16:08:34.724+01:00  INFO 79119 --- [Calculator API] [o-auto-1-exec-1] o.s.web.servlet.DispatcherServlet        : Completed initialization in 1 ms
]]></system-out>
    <system-err><![CDATA[WARNING: A Java agent has been loaded dynamically (/Users/petor/.m2/repository/net/bytebuddy/byte-buddy-agent/1.14.19/byte-buddy-agent-1.14.19.jar)
WARNING: If a serviceability tool is in use, please run with -XX:+EnableDynamicAgentLoading to hide this warning
WARNING: If a serviceability tool is not in use, please run with -Djdk.instrument.traceUsage for more information
WARNING: Dynamic loading of agents will be disallowed by default in a future release
]]></system-err>
  </testcase>
  <testcase name="testAddition" classname="com.calculator.calculatorapi.controllers.CalculatorControllerTests" time="0.004"/>
  <testcase name="testDivisionByZero" classname="com.calculator.calculatorapi.controllers.CalculatorControllerTests" time="0.006"/>
  <testcase name="testDivision" classname="com.calculator.calculatorapi.controllers.CalculatorControllerTests" time="0.003"/>
  <testcase name="testInvalidInput" classname="com.calculator.calculatorapi.controllers.CalculatorControllerTests" time="0.004"/>
  <testcase name="testSubtraction" classname="com.calculator.calculatorapi.controllers.CalculatorControllerTests" time="0.005"/>
</testsuite>